NetMux starting...
No configuration file found. Using defaults.
Searching for peers (5 seconds)...
[GUI] Launching configuration dialog...
[Network] Connecting to 127.0.0.1:9999...
[Input] Initializing Raw Input and Hooks...
[Overlay] Initializing Layered Window...
[Driver] Initializing virtual HID device (Interception)...
[Warning] Virtual HID Driver not available. Using software fallback.
[Bench] Benchmarking mode enabled.
[Perf] Frame: 0.000167ms | RTT: 0ms | E2E: 0ms | Peers: 0
[Network] Handshake completed with peer: DefaultSession (ID: 1779607261839895358)
[Latency] RTT: 1.31006 ms
[Network] Handshake completed with peer: DefaultSession (ID: 1779607261839895358)
[Latency] RTT: 1.33259 ms
[Network] Handshake completed with peer: DefaultSession (ID: 1779607261839895358)
[Latency] RTT: 1.34735 ms
[Network] Handshake completed with peer: DefaultSession (ID: 1779607261839895358)
[Latency] RTT: 2.74203 ms
[Latency] RTT: 993.149 ms
[Latency] RTT: 996.643 ms
[Perf] Frame: 1.16401ms | RTT: 331.632ms | E2E: -5824.9ms | Peers: 6
[Latency] RTT: 1.24638 ms
[Latency] RTT: 4.8054 ms
[Latency] RTT: 4.82819 ms
[Latency] RTT: 4.83503 ms
[Latency] RTT: 993.148 ms
[Latency] RTT: 997.841 ms
[Perf] Frame: 1.16162ms | RTT: 334.451ms | E2E: -5825.66ms | Peers: 6
[Latency] RTT: 1.39253 ms
[Latency] RTT: 9.56679 ms
[Latency] RTT: 9.59577 ms
[Latency] RTT: 9.60262 ms
[Latency] RTT: 994.601 ms
[Latency] RTT: 998.22 ms
[Perf] Frame: 1.15393ms | RTT: 337.163ms | E2E: -5828.43ms | Peers: 6
[Latency] RTT: 1.22686 ms
[Latency] RTT: 13.9907 ms
[Latency] RTT: 14.022 ms
[Latency] RTT: 14.0297 ms
[Latency] RTT: 995.116 ms
[Latency] RTT: 998.702 ms
[Perf] Frame: 1.19492ms | RTT: 339.515ms | E2E: -5826.43ms | Peers: 6
[Latency] RTT: 1.31001 ms
[Latency] RTT: 18.339 ms
[Latency] RTT: 18.3836 ms
[Latency] RTT: 18.3919 ms
[Latency] RTT: 995.061 ms
[Latency] RTT: 997.471 ms
[Perf] Frame: 1.16628ms | RTT: 341.493ms | E2E: -5826.17ms | Peers: 6
[Latency] RTT: 1.28246 ms
[Latency] RTT: 24.7941 ms
[Latency] RTT: 24.9114 ms
[Latency] RTT: 24.9205 ms
[Latency] RTT: 993.703 ms
[Latency] RTT: 996.044 ms
[Latency] RTT: 0.008857 ms
[Latency] RTT: 0.034127 ms
[Perf] Frame: 1.18312ms | RTT: 339.917ms | E2E: -5828.96ms | Peers: 6
[Latency] RTT: 30.5819 ms
[Latency] RTT: 30.6136 ms
[Latency] RTT: 994.431 ms
[Latency] RTT: 996.737 ms
[Perf] Frame: 1.14794ms | RTT: 342.068ms | E2E: -5819.75ms | Peers: 6
[Latency] RTT: 1.33044 ms
[Latency] RTT: 36.6586 ms
[Latency] RTT: 36.6985 ms
[Latency] RTT: 36.7058 ms
[Latency] RTT: 993.839 ms
[Latency] RTT: 996.212 ms
[Latency] RTT: 0.008256 ms
[Perf] Frame: 1.14055ms | RTT: 350.02ms | E2E: -5828ms | Peers: 6
[Latency] RTT: 42.056 ms
[Latency] RTT: 42.0987 ms
[Latency] RTT: 42.1064 ms
[Latency] RTT: 993.067 ms
[Latency] RTT: 996.77 ms
[Perf] Frame: 1.1617ms | RTT: 352.684ms | E2E: -5825.67ms | Peers: 6
[Latency] RTT: 1.45245 ms
[Latency] RTT: 43.2436 ms
[Latency] RTT: 43.2875 ms
[Latency] RTT: 43.2953 ms
[Latency] RTT: 995.886 ms
[Latency] RTT: 997.184 ms
[Perf] Frame: 1.1817ms | RTT: 354.058ms | E2E: -5828.39ms | Peers: 6
[Latency] RTT: 1.28996 ms
[Latency] RTT: 43.3838 ms
[Latency] RTT: 43.4181 ms
[Latency] RTT: 43.4254 ms
[Latency] RTT: 0.033259 ms
[Latency] RTT: 0.063673 ms
[Perf] Frame: 1.18545ms | RTT: 21.9357ms | E2E: -5828.6ms | Peers: 6
[Latency] RTT: 41.9872 ms
[Latency] RTT: 42.0274 ms
[Latency] RTT: 42.035 ms
[Latency] RTT: 42.0416 ms
[Latency] RTT: 0.043085 ms
[Latency] RTT: 0.075076 ms
[Latency] RTT: 0.083353 ms
[Perf] Frame: 1.19999ms | RTT: 21.0509ms | E2E: -5834.53ms | Peers: 6
[Latency] RTT: 40.4871 ms
[Latency] RTT: 40.5262 ms
[Latency] RTT: 40.5332 ms
[Latency] RTT: 0.041449 ms
[Latency] RTT: 0.103487 ms
[Latency] RTT: 0.115149 ms
[Perf] Frame: 1.14593ms | RTT: 20.3011ms | E2E: -5838.72ms | Peers: 6
[Latency] RTT: 40.5871 ms
[Latency] RTT: 40.6305 ms
[Latency] RTT: 40.6377 ms
[Latency] RTT: 0.046939 ms
[Latency] RTT: 0.074138 ms
[Latency] RTT: 0.081221 ms
[Perf] Frame: 1.24876ms | RTT: 20.3429ms | E2E: -5844.09ms | Peers: 6
[Latency] RTT: 40.774 ms
[Latency] RTT: 40.8509 ms
[Latency] RTT: 40.8635 ms
[Latency] RTT: 0.029195 ms
[Latency] RTT: 0.086979 ms
[Latency] RTT: 0.093458 ms
[Perf] Frame: 1.16042ms | RTT: 20.4497ms | E2E: -5848.49ms | Peers: 6
[Latency] RTT: 48.119 ms
[Latency] RTT: 48.1535 ms
[Latency] RTT: 48.1601 ms
[Latency] RTT: 0.021356 ms
[Latency] RTT: 0.053829 ms
[Latency] RTT: 0.060119 ms
[Perf] Frame: 1.11941ms | RTT: 24.0947ms | E2E: -5830.87ms | Peers: 6
[Latency] RTT: 43.6186 ms
[Latency] RTT: 43.6442 ms
[Latency] RTT: 43.6502 ms
[Latency] RTT: 0.018128 ms
[Latency] RTT: 0.043311 ms
[Latency] RTT: 0.052175 ms
[Perf] Frame: 1.19436ms | RTT: 21.8378ms | E2E: -5832.53ms | Peers: 6
[Latency] RTT: 43.2902 ms
[Latency] RTT: 43.3132 ms
[Latency] RTT: 43.3193 ms
[Latency] RTT: 994.23 ms
[Latency] RTT: 0.008904 ms
[Latency] RTT: 0.041268 ms
[Perf] Frame: 1.11987ms | RTT: 187.367ms | E2E: -5831.46ms | Peers: 6
[Latency] RTT: 43.3833 ms
[Latency] RTT: 43.418 ms
[Latency] RTT: 43.4249 ms
[Latency] RTT: 994.827 ms
[Latency] RTT: 997.125 ms
[Latency] RTT: 0.007213 ms
[Latency] RTT: 1.18326 ms
[Perf] Frame: 1.15971ms | RTT: 346.664ms | E2E: -5835.62ms | Peers: 6
[Latency] RTT: 42.7046 ms
[Latency] RTT: 42.8105 ms
[Latency] RTT: 995.463 ms
[Latency] RTT: 997.662 ms
[Latency] RTT: 1.12164 ms
[Perf] Frame: 1.24899ms | RTT: 346.824ms | E2E: -5834.29ms | Peers: 6
[Latency] RTT: 5.95367 ms
[Latency] RTT: 5.97152 ms
[Latency] RTT: 5.97707 ms
[Latency] RTT: 996.013 ms
[Latency] RTT: 998.377 ms
[Latency] RTT: 1.14185 ms
[Perf] Frame: 1.15618ms | RTT: 335.572ms | E2E: -5833.64ms | Peers: 6
[Latency] RTT: 11.6215 ms
[Latency] RTT: 11.6527 ms
[Latency] RTT: 11.659 ms
[Latency] RTT: 995.914 ms
[Latency] RTT: 998.344 ms
[Latency] RTT: 1.13444 ms
[Perf] Frame: 1.14887ms | RTT: 338.388ms | E2E: -5836.72ms | Peers: 6
[Latency] RTT: 18.5507 ms
[Latency] RTT: 18.5776 ms
[Latency] RTT: 18.5835 ms
[Latency] RTT: 995.647 ms
[Latency] RTT: 996.84 ms
[Latency] RTT: 0.01114 ms
[Perf] Frame: 1.13397ms | RTT: 341.368ms | E2E: -5835.67ms | Peers: 6
[Latency] RTT: 25.0532 ms
[Latency] RTT: 25.0859 ms
[Latency] RTT: 25.0925 ms
[Latency] RTT: 996.207 ms
[Latency] RTT: 998.647 ms
[Latency] RTT: 0.008163 ms
[Perf] Frame: 1.19899ms | RTT: 345.016ms | E2E: -5837.35ms | Peers: 6
[Latency] RTT: 29.6651 ms
[Latency] RTT: 29.7023 ms
[Latency] RTT: 29.7098 ms
