NetMux starting...
[Network] Connecting to 127.0.0.1:9999...
[Input] Initializing Raw Input and Hooks...
[Overlay] Initializing Layered Window...
[Driver] Initializing virtual HID device (Interception)...
[Warning] Virtual HID Driver not available. Using software fallback.
[Bench] Benchmarking mode enabled.
[Network] Handshake from peer: DefaultSession (Group: DefaultGroup)
[Latency] RTT: 1000 ms
[Perf] Frame: 1.15491ms | RTT: 500ms | E2E: -1003.74ms | Peers: 2
[Latency] RTT: 1.15357 ms
[Latency] RTT: 999.311 ms
[Perf] Frame: 1.16166ms | RTT: 500.233ms | E2E: -980.325ms | Peers: 2
[Latency] RTT: 11.4896 ms
[Latency] RTT: 999.231 ms
[Perf] Frame: 1.14674ms | RTT: 505.361ms | E2E: -982.616ms | Peers: 2
[Latency] RTT: 1.1835 ms
[Latency] RTT: 998.739 ms
[Perf] Frame: 1.3135ms | RTT: 499.961ms | E2E: -982.109ms | Peers: 2
[Latency] RTT: 23.2275 ms
[Latency] RTT: 999.388 ms
[Perf] Frame: 1.24241ms | RTT: 511.308ms | E2E: -983.342ms | Peers: 2
[Latency] RTT: 1.35374 ms
[Latency] RTT: 999.855 ms
[Perf] Frame: 1.2035ms | RTT: 500.604ms | E2E: -983.817ms | Peers: 2
[Latency] RTT: 31.3245 ms
[Latency] RTT: 999.225 ms
[Perf] Frame: 1.18314ms | RTT: 515.275ms | E2E: -983.653ms | Peers: 2
[Latency] RTT: 1.23575 ms
[Latency] RTT: 0.007496 ms
[Perf] Frame: 1.18726ms | RTT: 0.621624ms | E2E: -983.401ms | Peers: 2
[Latency] RTT: 40.9222 ms
[Latency] RTT: 0.019989 ms
[Perf] Frame: 1.22151ms | RTT: 20.4711ms | E2E: -984.04ms | Peers: 2
[Latency] RTT: 1.3268 ms
