NetMux starting...
[Network] Connecting to 127.0.0.1:9999...
[Input] Initializing Raw Input and Hooks...
[Overlay] Initializing Layered Window...
[Driver] Initializing virtual HID device (Interception)...
[Warning] Virtual HID Driver not available. Using software fallback.
[Bench] Benchmarking mode enabled.
[Network] Handshake completed with peer: DefaultSession (ID: 1779603003551024114)
[Network] Handshake completed with peer: DefaultSession (ID: 1779603003551024114)
[Network] Handshake completed with peer: DefaultSession (ID: 1779603003551024114)
[Network] Handshake completed with peer: DefaultSession (ID: 1779603003551024114)
[Network] Handshake completed with peer: DefaultSession (ID: 1779603003551024114)
[Perf] Frame: 1.084ms | RTT: 0ms | E2E: -1673.04ms | Peers: 6
[Latency] RTT: 1.29006 ms
[Latency] RTT: 1.31391 ms
[Latency] RTT: 4.71392 ms
[Latency] RTT: 4.74983 ms
[Latency] RTT: 53.5646 ms
[Latency] RTT: 53.5962 ms
[Perf] Frame: 1.12417ms | RTT: 19.8714ms | E2E: -1673.59ms | Peers: 6
[Latency] RTT: 1.30852 ms
[Latency] RTT: 2.45796 ms
[Latency] RTT: 9.24928 ms
[Latency] RTT: 9.28492 ms
[Latency] RTT: 9.29038 ms
[Latency] RTT: 9.29502 ms
[Perf] Frame: 1.09909ms | RTT: 6.81435ms | E2E: -1673.01ms | Peers: 6
[Latency] RTT: 1.28184 ms
[Latency] RTT: 2.42535 ms
[Latency] RTT: 13.74 ms
[Latency] RTT: 13.7854 ms
[Latency] RTT: 13.7931 ms
[Latency] RTT: 13.7995 ms
[Perf] Frame: 1.14055ms | RTT: 9.80419ms | E2E: -1673.19ms | Peers: 6
[Latency] RTT: 1.22112 ms
[Latency] RTT: 21.6034 ms
[Latency] RTT: 21.6318 ms
[Latency] RTT: 21.6531 ms
[Latency] RTT: 21.6585 ms
[Latency] RTT: 21.6636 ms
[Perf] Frame: 1.14156ms | RTT: 18.2386ms | E2E: -1672.88ms | Peers: 6
[Latency] RTT: 1.3304 ms
[Latency] RTT: 25.2248 ms
[Latency] RTT: 25.2573 ms
[Latency] RTT: 25.2786 ms
[Latency] RTT: 25.2839 ms
[Latency] RTT: 25.2888 ms
[Perf] Frame: 1.15086ms | RTT: 21.2773ms | E2E: -1672.87ms | Peers: 6
[Latency] RTT: 1.28012 ms
[Latency] RTT: 30.935 ms
[Latency] RTT: 30.9687 ms
[Latency] RTT: 30.9751 ms
[Latency] RTT: 30.9948 ms
[Latency] RTT: 30.9998 ms
[Perf] Frame: 1.17375ms | RTT: 26.0256ms | E2E: -1673.14ms | Peers: 6
[Latency] RTT: 1.30413 ms
[Latency] RTT: 36.6369 ms
[Latency] RTT: 36.6847 ms
[Latency] RTT: 36.6912 ms
[Latency] RTT: 36.7114 ms
[Latency] RTT: 36.7165 ms
[Perf] Frame: 1.11849ms | RTT: 30.7908ms | E2E: -1673.67ms | Peers: 6
[Latency] RTT: 1.25359 ms
[Latency] RTT: 41.3265 ms
[Latency] RTT: 41.3585 ms
[Latency] RTT: 41.3644 ms
[Latency] RTT: 41.3839 ms
[Latency] RTT: 41.3889 ms
[Perf] Frame: 1.13452ms | RTT: 34.6793ms | E2E: -1673.62ms | Peers: 6
[Latency] RTT: 1.52822 ms
[Latency] RTT: 45.2915 ms
[Latency] RTT: 45.3366 ms
[Latency] RTT: 45.3434 ms
[Latency] RTT: 45.3721 ms
[Latency] RTT: 45.378 ms
[Latency] RTT: 1.10991 ms
[Perf] Frame: 1.19834ms | RTT: 37.9719ms | E2E: -1673.64ms | Peers: 6
[Latency] RTT: 45.1802 ms
[Latency] RTT: 45.22 ms
[Latency] RTT: 45.2267 ms
[Latency] RTT: 45.2467 ms
[Latency] RTT: 45.2518 ms
[Latency] RTT: 1.14014 ms
[Perf] Frame: 1.15659ms | RTT: 37.8776ms | E2E: -1672.99ms | Peers: 6
[Latency] RTT: 44.9385 ms
[Latency] RTT: 44.9837 ms
[Latency] RTT: 44.9902 ms
[Latency] RTT: 44.9954 ms
[Latency] RTT: 45.0152 ms
[Perf] Frame: 1.15609ms | RTT: 37.6772ms | E2E: -1673.23ms | Peers: 6
[Latency] RTT: 47.796 ms
[Latency] RTT: 47.8232 ms
[Latency] RTT: 47.8301 ms
[Latency] RTT: 47.8357 ms
[Latency] RTT: 47.8412 ms
[Latency] RTT: 47.8619 ms
[Perf] Frame: 1.14077ms | RTT: 47.8314ms | E2E: -1671.75ms | Peers: 6
[Latency] RTT: 46.7146 ms
[Latency] RTT: 46.748 ms
[Latency] RTT: 46.7539 ms
[Latency] RTT: 46.7591 ms
[Latency] RTT: 46.7642 ms
[Latency] RTT: 46.7693 ms
[Perf] Frame: 1.19405ms | RTT: 46.7515ms | E2E: -1665.97ms | Peers: 6
[Latency] RTT: 45.2301 ms
[Latency] RTT: 45.2935 ms
[Latency] RTT: 45.3007 ms
[Latency] RTT: 45.306 ms
[Latency] RTT: 45.3113 ms
[Latency] RTT: 45.3164 ms
[Perf] Frame: 1.10335ms | RTT: 45.293ms | E2E: -1656.6ms | Peers: 6
[Latency] RTT: 45.6832 ms
[Latency] RTT: 45.7159 ms
[Latency] RTT: 45.7221 ms
[Latency] RTT: 45.7275 ms
[Latency] RTT: 45.7327 ms
[Latency] RTT: 45.7379 ms
[Perf] Frame: 1.14032ms | RTT: 45.7199ms | E2E: -1660.78ms | Peers: 6
[Latency] RTT: 44.7357 ms
[Latency] RTT: 44.815 ms
[Latency] RTT: 44.8241 ms
[Latency] RTT: 44.8296 ms
[Latency] RTT: 44.835 ms
[Latency] RTT: 44.8401 ms
[Perf] Frame: 1.13987ms | RTT: 44.8132ms | E2E: -1655.12ms | Peers: 6
[Latency] RTT: 47.9452 ms
[Latency] RTT: 47.9819 ms
[Latency] RTT: 47.9882 ms
[Latency] RTT: 47.9964 ms
[Latency] RTT: 48.0015 ms
[Latency] RTT: 48.0067 ms
[Perf] Frame: 1.13393ms | RTT: 47.9866ms | E2E: -1653.29ms | Peers: 6
[Latency] RTT: 43.4515 ms
[Latency] RTT: 43.4971 ms
[Latency] RTT: 43.5032 ms
[Latency] RTT: 43.5113 ms
[Latency] RTT: 43.5166 ms
[Latency] RTT: 43.5217 ms
[Latency] RTT: 1.13296 ms
[Perf] Frame: 1.15391ms | RTT: 36.4471ms | E2E: -1649.96ms | Peers: 6
[Latency] RTT: 42.274 ms
[Latency] RTT: 42.3238 ms
[Latency] RTT: 42.3314 ms
[Latency] RTT: 42.3409 ms
[Latency] RTT: 42.347 ms
[Latency] RTT: 1.16248 ms
[Perf] Frame: 1.20039ms | RTT: 35.4632ms | E2E: -1644.63ms | Peers: 6
[Latency] RTT: 4.74868 ms
[Latency] RTT: 4.76763 ms
[Latency] RTT: 46.6206 ms
[Latency] RTT: 46.656 ms
[Latency] RTT: 46.6623 ms
[Latency] RTT: 1.13761 ms
[Perf] Frame: 1.14734ms | RTT: 25.0988ms | E2E: -1639.29ms | Peers: 6
[Latency] RTT: 4.56465 ms
[Latency] RTT: 11.2667 ms
[Latency] RTT: 11.2879 ms
[Latency] RTT: 11.294 ms
[Latency] RTT: 11.302 ms
[Latency] RTT: 1.11976 ms
[Perf] Frame: 1.18641ms | RTT: 8.47249ms | E2E: -1672.76ms | Peers: 6
[Latency] RTT: 16.9273 ms
[Latency] RTT: 16.9541 ms
[Latency] RTT: 16.9607 ms
[Latency] RTT: 16.966 ms
[Latency] RTT: 16.9715 ms
[Latency] RTT: 1.19809 ms
[Perf] Frame: 1.53441ms | RTT: 14.3296ms | E2E: -1673.3ms | Peers: 6
[Latency] RTT: 21.1744 ms
[Latency] RTT: 21.2029 ms
[Latency] RTT: 21.2089 ms
[Latency] RTT: 21.214 ms
[Latency] RTT: 21.2194 ms
[Latency] RTT: 1.11664 ms
[Perf] Frame: 1.14224ms | RTT: 17.856ms | E2E: -1673.63ms | Peers: 6
[Latency] RTT: 26.1524 ms
[Latency] RTT: 26.1836 ms
[Latency] RTT: 26.1901 ms
[Latency] RTT: 26.1954 ms
[Latency] RTT: 26.2008 ms
[Latency] RTT: 2.24045 ms
[Perf] Frame: 1.12377ms | RTT: 22.1938ms | E2E: -1673.47ms | Peers: 6
[Latency] RTT: 31.9256 ms
[Latency] RTT: 31.9635 ms
[Latency] RTT: 31.9698 ms
[Latency] RTT: 31.9751 ms
[Latency] RTT: 31.9804 ms
[Latency] RTT: 1.15688 ms
[Perf] Frame: 1.17336ms | RTT: 26.8286ms | E2E: -1673.72ms | Peers: 6
[Latency] RTT: 36.7067 ms
[Latency] RTT: 36.7384 ms
[Latency] RTT: 36.7452 ms
[Latency] RTT: 36.7504 ms
[Latency] RTT: 36.7557 ms
[Latency] RTT: 1.13655 ms
[Perf] Frame: 1.18846ms | RTT: 30.8055ms | E2E: -1673.72ms | Peers: 6
[Latency] RTT: 42.6948 ms
[Latency] RTT: 42.7338 ms
[Latency] RTT: 42.7448 ms
[Latency] RTT: 42.7509 ms
[Latency] RTT: 42.7566 ms
[Latency] RTT: 1.21368 ms
[Perf] Frame: 1.18488ms | RTT: 35.8158ms | E2E: -1673.44ms | Peers: 6
[Latency] RTT: 42.3392 ms
[Latency] RTT: 42.4378 ms
[Latency] RTT: 42.4482 ms
[Latency] RTT: 42.4537 ms
[Latency] RTT: 42.459 ms
[Perf] Frame: 1.11427ms | RTT: 35.5586ms | E2E: -1673.15ms | Peers: 6
[Latency] RTT: 41.1067 ms
[Latency] RTT: 41.1519 ms
[Latency] RTT: 41.1586 ms
[Latency] RTT: 41.1638 ms
[Latency] RTT: 41.1691 ms
[Latency] RTT: 41.1743 ms
