NetMux starting...
[Network] Connecting to 127.0.0.1:9999...
[Input] Initializing Raw Input and Hooks...
[Overlay] Initializing Layered Window...
[Driver] Initializing virtual HID device (Interception)...
[Warning] Virtual HID Driver not available. Using software fallback.
[Bench] Benchmarking mode enabled.
[Network] Handshake completed with peer: DefaultSession (ID: 1779603003551024114)
[Network] Handshake completed with peer: DefaultSession (ID: 1779603003551024114)
[Network] Handshake completed with peer: DefaultSession (ID: 1779603003551024114)
[Network] Handshake completed with peer: DefaultSession (ID: 1779603003551024114)
[Perf] Frame: 1.13393ms | RTT: 0ms | E2E: -1674.78ms | Peers: 6
[Latency] RTT: 1.33096 ms
[Latency] RTT: 1.34709 ms
[Latency] RTT: 5.82853 ms
[Latency] RTT: 5.86534 ms
[Latency] RTT: 5.8734 ms
[Latency] RTT: 52.9905 ms
[Latency] RTT: 0.008142 ms
[Perf] Frame: 1.13702ms | RTT: 11.9855ms | E2E: -1674.51ms | Peers: 6
[Latency] RTT: 1.23698 ms
[Latency] RTT: 9.20604 ms
[Latency] RTT: 9.24187 ms
[Latency] RTT: 9.24737 ms
[Latency] RTT: 9.25236 ms
[Latency] RTT: 0.007493 ms
[Perf] Frame: 1.22345ms | RTT: 6.36535ms | E2E: -1674.37ms | Peers: 6
[Latency] RTT: 1.27436 ms
[Latency] RTT: 12.6508 ms
[Latency] RTT: 12.6938 ms
[Latency] RTT: 12.6998 ms
[Latency] RTT: 12.7048 ms
[Latency] RTT: 0.009274 ms
[Perf] Frame: 1.17083ms | RTT: 8.67215ms | E2E: -1674.46ms | Peers: 6
[Latency] RTT: 1.20563 ms
[Latency] RTT: 15.9743 ms
[Latency] RTT: 16.0229 ms
[Latency] RTT: 16.0294 ms
[Latency] RTT: 16.0342 ms
[Latency] RTT: 0.007621 ms
[Perf] Frame: 1.11709ms | RTT: 10.879ms | E2E: -1674.07ms | Peers: 6
[Latency] RTT: 1.22669 ms
[Latency] RTT: 21.5401 ms
[Latency] RTT: 21.5982 ms
[Latency] RTT: 21.6044 ms
[Latency] RTT: 21.6095 ms
[Latency] RTT: 0.008093 ms
[Perf] Frame: 1.14985ms | RTT: 14.5978ms | E2E: -1674.5ms | Peers: 6
[Latency] RTT: 1.21481 ms
[Latency] RTT: 29.0757 ms
[Latency] RTT: 29.117 ms
[Latency] RTT: 29.1378 ms
[Latency] RTT: 29.143 ms
[Latency] RTT: 0.006779 ms
[Perf] Frame: 1.15981ms | RTT: 19.6159ms | E2E: -1674.23ms | Peers: 6
[Latency] RTT: 1.2468 ms
[Latency] RTT: 36.3953 ms
[Latency] RTT: 36.4553 ms
[Latency] RTT: 36.4818 ms
[Latency] RTT: 36.488 ms
[Latency] RTT: 0.007205 ms
[Perf] Frame: 1.14306ms | RTT: 24.5124ms | E2E: -1674.47ms | Peers: 6
[Latency] RTT: 1.21915 ms
[Latency] RTT: 43.5051 ms
[Latency] RTT: 43.5517 ms
[Latency] RTT: 43.5729 ms
[Latency] RTT: 43.5782 ms
[Latency] RTT: 999.36 ms
[Perf] Frame: 1.13769ms | RTT: 195.798ms | E2E: -1674.7ms | Peers: 6
[Latency] RTT: 1.17083 ms
[Latency] RTT: 43.498 ms
[Latency] RTT: 43.5455 ms
[Latency] RTT: 43.5662 ms
[Latency] RTT: 43.5713 ms
[Latency] RTT: 999.646 ms
[Perf] Frame: 1.15574ms | RTT: 195.833ms | E2E: -1674.42ms | Peers: 6
[Latency] RTT: 1.16964 ms
[Latency] RTT: 42.6686 ms
[Latency] RTT: 42.7152 ms
[Latency] RTT: 42.7365 ms
[Latency] RTT: 42.7416 ms
[Latency] RTT: 0.018679 ms
[Latency] RTT: 0.046034 ms
[Perf] Frame: 1.10403ms | RTT: 28.4878ms | E2E: -1674.54ms | Peers: 6
[Latency] RTT: 44.8081 ms
[Latency] RTT: 44.8416 ms
[Latency] RTT: 44.8484 ms
[Latency] RTT: 44.8687 ms
[Latency] RTT: 0.022331 ms
[Latency] RTT: 0.063035 ms
[Perf] Frame: 1.19495ms | RTT: 29.9087ms | E2E: -1673.87ms | Peers: 6
[Latency] RTT: 44.4925 ms
[Latency] RTT: 44.5372 ms
[Latency] RTT: 44.5444 ms
[Latency] RTT: 44.5649 ms
[Latency] RTT: 0.022213 ms
[Perf] Frame: 1.12542ms | RTT: 29.704ms | E2E: -1670.2ms | Peers: 6
[Latency] RTT: 48.3553 ms
[Latency] RTT: 48.3858 ms
[Latency] RTT: 48.3926 ms
[Latency] RTT: 48.4636 ms
[Latency] RTT: 48.4973 ms
[Latency] RTT: 0.012903 ms
[Latency] RTT: 0.051872 ms
[Perf] Frame: 1.10254ms | RTT: 32.3007ms | E2E: -1670.3ms | Peers: 6
[Latency] RTT: 46.8785 ms
[Latency] RTT: 46.9179 ms
[Latency] RTT: 46.9239 ms
[Latency] RTT: 46.9291 ms
[Latency] RTT: 0.022171 ms
[Perf] Frame: 1.11259ms | RTT: 31.2872ms | E2E: -1667.14ms | Peers: 6
[Latency] RTT: 42.6105 ms
[Latency] RTT: 42.6559 ms
[Latency] RTT: 42.6624 ms
[Latency] RTT: 42.6678 ms
[Latency] RTT: 42.6729 ms
[Latency] RTT: 0.022569 ms
[Latency] RTT: 0.058484 ms
[Perf] Frame: 1.11349ms | RTT: 28.4567ms | E2E: -1661.77ms | Peers: 6
[Latency] RTT: 45.5586 ms
[Latency] RTT: 45.5938 ms
[Latency] RTT: 45.6002 ms
[Latency] RTT: 45.606 ms
[Latency] RTT: 0.018945 ms
[Latency] RTT: 0.041714 ms
[Perf] Frame: 1.12372ms | RTT: 30.4032ms | E2E: -1660.22ms | Peers: 6
[Latency] RTT: 45.3903 ms
[Latency] RTT: 45.4416 ms
[Latency] RTT: 45.4479 ms
[Latency] RTT: 45.4532 ms
[Latency] RTT: 0.018105 ms
[Perf] Frame: 1.26722ms | RTT: 30.2988ms | E2E: -1657.85ms | Peers: 6
[Latency] RTT: 41.0656 ms
[Latency] RTT: 41.0917 ms
[Latency] RTT: 41.1003 ms
[Latency] RTT: 41.1055 ms
[Latency] RTT: 41.1107 ms
[Latency] RTT: 0.014645 ms
[Perf] Frame: 1.11132ms | RTT: 34.2481ms | E2E: -1650.62ms | Peers: 6
[Latency] RTT: 43.7664 ms
[Latency] RTT: 43.808 ms
[Latency] RTT: 43.8143 ms
[Latency] RTT: 43.8225 ms
[Latency] RTT: 43.8279 ms
[Latency] RTT: 999.668 ms
[Perf] Frame: 1.14496ms | RTT: 203.118ms | E2E: -1649.27ms | Peers: 6
[Latency] RTT: 1.1897 ms
[Latency] RTT: 1.20419 ms
[Latency] RTT: 43.5222 ms
[Latency] RTT: 43.5651 ms
[Latency] RTT: 43.571 ms
[Latency] RTT: 997.957 ms
[Perf] Frame: 1.11512ms | RTT: 188.502ms | E2E: -1644.29ms | Peers: 6
[Latency] RTT: 1.16982 ms
[Latency] RTT: 4.71243 ms
[Latency] RTT: 4.74538 ms
[Latency] RTT: 4.75118 ms
[Latency] RTT: 4.75859 ms
[Latency] RTT: 998.553 ms
[Perf] Frame: 1.12388ms | RTT: 169.782ms | E2E: -1641.82ms | Peers: 6
[Latency] RTT: 1.19037 ms
[Latency] RTT: 10.4019 ms
[Latency] RTT: 10.4321 ms
[Latency] RTT: 10.4387 ms
[Latency] RTT: 10.4488 ms
[Latency] RTT: 998.41 ms
[Perf] Frame: 1.1011ms | RTT: 173.554ms | E2E: -1674.49ms | Peers: 6
[Latency] RTT: 1.18763 ms
[Latency] RTT: 15.9927 ms
[Latency] RTT: 16.0211 ms
[Latency] RTT: 16.0282 ms
[Latency] RTT: 16.0336 ms
[Latency] RTT: 998.676 ms
[Perf] Frame: 1.13254ms | RTT: 177.323ms | E2E: -1674.2ms | Peers: 6
[Latency] RTT: 1.22526 ms
[Latency] RTT: 21.8496 ms
[Latency] RTT: 21.8839 ms
[Latency] RTT: 21.8903 ms
[Latency] RTT: 21.8957 ms
[Latency] RTT: 998.002 ms
[Perf] Frame: 1.12382ms | RTT: 181.125ms | E2E: -1674.51ms | Peers: 6
[Latency] RTT: 1.2635 ms
[Latency] RTT: 27.6258 ms
[Latency] RTT: 27.7011 ms
[Latency] RTT: 27.7114 ms
[Latency] RTT: 27.717 ms
[Latency] RTT: 998.405 ms
[Perf] Frame: 1.13719ms | RTT: 185.071ms | E2E: -1674.24ms | Peers: 6
[Latency] RTT: 1.17912 ms
[Latency] RTT: 31.6962 ms
[Latency] RTT: 31.7343 ms
[Latency] RTT: 31.7409 ms
[Latency] RTT: 31.7462 ms
[Latency] RTT: 998.069 ms
[Perf] Frame: 1.15044ms | RTT: 187.694ms | E2E: -1673.93ms | Peers: 6
[Latency] RTT: 1.21734 ms
[Latency] RTT: 35.197 ms
[Latency] RTT: 35.2478 ms
[Latency] RTT: 35.2555 ms
[Latency] RTT: 35.2616 ms
[Latency] RTT: 998.815 ms
[Perf] Frame: 1.10954ms | RTT: 190.166ms | E2E: -1674.13ms | Peers: 6
[Latency] RTT: 1.18485 ms
[Latency] RTT: 40.7728 ms
[Latency] RTT: 40.8038 ms
[Latency] RTT: 40.8103 ms
[Latency] RTT: 40.8157 ms
[Latency] RTT: 997.211 ms
[Latency] RTT: 0.007474 ms
[Perf] Frame: 1.15548ms | RTT: 193.403ms | E2E: -1674.71ms | Peers: 6
[Latency] RTT: 1.21568 ms
[Latency] RTT: 44.507 ms
[Latency] RTT: 44.547 ms
[Latency] RTT: 44.5538 ms
